<?xml version="1.0" encoding="UTF-8"?>
<!-- Generated by org.testng.reporters.JUnitXMLReporter -->
<testsuite ignored="0" hostname="DESKTOP-RQ8N607" failures="0" tests="2" name="Default test" time="0.183" errors="0" timestamp="2023-11-29T22:54:09 IST">
  <testcase classname="com.qa.TestBase.TestBase" name="@BeforeSuite setUp" time="-1.701278649566E9">
    <failure type="org.testng.TestNGException" message="
Parameter &amp;apos;Br&amp;apos; is required by BeforeSuite on method setUp but has not been marked @Optional or defined
in C:\Users\baps\AppData\Local\Temp\testng-eclipse-1852855409\testng-customsuite.xml">
      <![CDATA[org.testng.TestNGException: 
Parameter 'Br' is required by BeforeSuite on method setUp but has not been marked @Optional or defined
in C:\Users\baps\AppData\Local\Temp\testng-eclipse-1852855409\testng-customsuite.xml
at org.testng.internal.Parameters.createParams(Parameters.java:270)
at org.testng.internal.Parameters.createParametersForMethod(Parameters.java:358)
at org.testng.internal.Parameters.createParameters(Parameters.java:700)
at org.testng.internal.Parameters.createConfigurationParameters(Parameters.java:168)
at org.testng.internal.ConfigInvoker.invokeConfigurations(ConfigInvoker.java:302)
at org.testng.SuiteRunner.privateRun(SuiteRunner.java:317)
at org.testng.SuiteRunner.run(SuiteRunner.java:276)
at org.testng.SuiteRunnerWorker.runSuite(SuiteRunnerWorker.java:53)
at org.testng.SuiteRunnerWorker.run(SuiteRunnerWorker.java:96)
at org.testng.TestNG.runSuitesSequentially(TestNG.java:1212)
at org.testng.TestNG.runSuitesLocally(TestNG.java:1134)
at org.testng.TestNG.runSuites(TestNG.java:1063)
at org.testng.TestNG.run(TestNG.java:1031)
at org.testng.remote.AbstractRemoteTestNG.run(AbstractRemoteTestNG.java:115)
at org.testng.remote.RemoteTestNG.initAndRun(RemoteTestNG.java:251)
at org.testng.remote.RemoteTestNG.main(RemoteTestNG.java:77)
]]>
    </failure>
  </testcase> <!-- @BeforeSuite setUp -->
  <testcase classname="com.qa.TestCases.CommonBillerTestClass" name="launchCommonBillerURL" time="0.0">
    <skipped/>
  </testcase> <!-- launchCommonBillerURL -->
  <testcase classname="com.qa.TestCases.CommonBillerTestClass" name="fetchBillRegression" time="0.0">
    <skipped/>
  </testcase> <!-- fetchBillRegression -->
</testsuite> <!-- Default test -->
